gyp http GET http://nodejs.org/dist/v0.10.13/node-v0.10.13.tar.gz
gyp http 200 http://nodejs.org/dist/v0.10.13/node-v0.10.13.tar.gz
In file included from ../src/bufferutil.cc:8:
In file included from /Users/iLab/.node-gyp/0.10.13/src/node.h:61:
/Users/iLab/.node-gyp/0.10.13/deps/uv/include/uv.h:24:2: error: unterminated conditional directive
#ifndef UV_H
 ^
/Users/iLab/.node-gyp/0.10.13/deps/uv/include/uv.h:985:39: error: unknown type name 'u'
UV_EXTERN int uv_tty_init(uv_loop_t*, u
                                      ^
In file included from ../src/bufferutil.cc:8:
In file included from /Users/iLab/.node-gyp/0.10.13/src/node.h:65:
In file included from /Applications/Xcode.app/Contents/Developer/Platforms/MacOSX.platform/Developer/SDKs/MacOSX10.9.sdk/usr/include/assert.h:44:
In file included from /Applications/Xcode.app/Contents/Developer/Platforms/MacOSX.platform/Developer/SDKs/MacOSX10.9.sdk/usr/include/stdlib.h:65:
/Applications/Xcode.app/Contents/Developer/Platforms/MacOSX.platform/Developer/SDKs/MacOSX10.9.sdk/usr/include/sys/wait.h:79:1: error: expected ')'
typedef enum {
^
/Users/iLab/.node-gyp/0.10.13/deps/uv/include/uv.h:985:26: note: to match this '('
UV_EXTERN int uv_tty_init(uv_loop_t*, u
                         ^
In file included from ../src/bufferutil.cc:8:
In file included from /Users/iLab/.node-gyp/0.10.13/src/node.h:65:
In file included from /Applications/Xcode.app/Contents/Developer/Platforms/MacOSX.platform/Developer/SDKs/MacOSX10.9.sdk/usr/include/assert.h:44:
In file included from /Applications/Xcode.app/Contents/Developer/Platforms/MacOSX.platform/Developer/SDKs/MacOSX10.9.sdk/usr/include/stdlib.h:65:
/Applications/Xcode.app/Contents/Developer/Platforms/MacOSX.platform/Developer/SDKs/MacOSX10.9.sdk/usr/include/sys/wait.h:251:12: error: C++ requires a type specifier for all declarations
int     waitid(idtype_t, id_t, siginfo_t *, int) __DARWIN_ALIAS_C(waitid);
               ^~~~~~~~
In file included from ../src/bufferutil.cc:8:
/Users/iLab/.node-gyp/0.10.13/src/node.h:94:24: warning: 'SetupProcessObject' has C-linkage specified, but returns user-defined type 'v8::Handle<v8::Object>' which is incompatible with C [-Wreturn-type-c-linkage]
v8::Handle<v8::Object> SetupProcessObject(int argc, char *argv[]);
                       ^
/Users/iLab/.node-gyp/0.10.13/src/node.h:137:34: warning: 'Encode' has C-linkage specified, but returns user-defined type 'v8::Local<v8::Value>' which is incompatible with C [-Wreturn-type-c-linkage]
NODE_EXTERN v8::Local<v8::Value> Encode(const void *buf, size_t len,
                                 ^
/Users/iLab/.node-gyp/0.10.13/src/node.h:150:23: warning: 'BuildStatsObject' has C-linkage specified, but returns user-defined type 'v8::Local<v8::Object>' which is incompatible with C [-Wreturn-type-c-linkage]
v8::Local<v8::Object> BuildStatsObject(const uv_statbuf_t* s);
                      ^
/Users/iLab/.node-gyp/0.10.13/src/node.h:172:34: warning: 'ErrnoException' has C-linkage specified, but returns user-defined type 'v8::Local<v8::Value>' which is incompatible with C [-Wreturn-type-c-linkage]
NODE_EXTERN v8::Local<v8::Value> ErrnoException(int errorno,
                                 ^
/Users/iLab/.node-gyp/0.10.13/src/node.h:177:34: warning: 'UVException' has C-linkage specified, but returns user-defined type 'v8::Local<v8::Value>' which is incompatible with C [-Wreturn-type-c-linkage]
NODE_EXTERN v8::Local<v8::Value> UVException(int errorno,
                                 ^
/Users/iLab/.node-gyp/0.10.13/src/node.h:243:1: warning: 'MakeCallback' has C-linkage specified, but returns user-defined type 'v8::Handle<v8::Value>' which is incompatible with C [-Wreturn-type-c-linkage]
MakeCallback(const v8::Handle<v8::Object> object,
^
/Users/iLab/.node-gyp/0.10.13/src/node.h:249:1: error: conflicting types for 'MakeCallback'
MakeCallback(const v8::Handle<v8::Object> object,
^
/Users/iLab/.node-gyp/0.10.13/src/node.h:243:1: note: previous declaration is here
MakeCallback(const v8::Handle<v8::Object> object,
^
/Users/iLab/.node-gyp/0.10.13/src/node.h:255:1: error: conflicting types for 'MakeCallback'
MakeCallback(const v8::Handle<v8::Object> object,
^
/Users/iLab/.node-gyp/0.10.13/src/node.h:243:1: note: previous declaration is here
MakeCallback(const v8::Handle<v8::Object> object,
^
In file included from ../src/bufferutil.cc:15:
In file included from ../node_modules/nan/nan.h:22:
/Users/iLab/.node-gyp/0.10.13/deps/uv/include/uv.h:24:2: error: unterminated conditional directive
#ifndef UV_H
 ^
In file included from ../src/bufferutil.cc:15:
In file included from ../node_modules/nan/nan.h:32:
In file included from /Applications/Xcode.app/Contents/Developer/Platforms/MacOSX.platform/Developer/SDKs/MacOSX10.9.sdk/usr/include/c++/4.2.1/string:46:
In file included from /Applications/Xcode.app/Contents/Developer/Platforms/MacOSX.platform/Developer/SDKs/MacOSX10.9.sdk/usr/include/c++/4.2.1/bits/char_traits.h:44:
/Applications/Xcode.app/Contents/Developer/Platforms/MacOSX.platform/Developer/SDKs/MacOSX10.9.sdk/usr/include/c++/4.2.1/cstring:100:3: error: declaration conflicts with target of using declaration already in scope
  memchr(void* __p, int __c, size_t __n)
  ^
/Applications/Xcode.app/Contents/Developer/Platforms/MacOSX.platform/Developer/SDKs/MacOSX10.9.sdk/usr/include/string.h:70:7: note: target of using declaration
void    *memchr(const void *, int, size_t);
         ^
/Applications/Xcode.app/Contents/Developer/Platforms/MacOSX.platform/Developer/SDKs/MacOSX10.9.sdk/usr/include/c++/4.2.1/cstring:97:11: note: using declaration
  using ::memchr;
          ^
/Applications/Xcode.app/Contents/Developer/Platforms/MacOSX.platform/Developer/SDKs/MacOSX10.9.sdk/usr/include/c++/4.2.1/cstring:106:3: error: declaration conflicts with target of using declaration already in scope
  strchr(char* __s1, int __n)
  ^
/Applications/Xcode.app/Contents/Developer/Platforms/MacOSX.platform/Developer/SDKs/MacOSX10.9.sdk/usr/include/string.h:76:7: note: target of using declaration
char    *strchr(const char *, int);
         ^
/Applications/Xcode.app/Contents/Developer/Platforms/MacOSX.platform/Developer/SDKs/MacOSX10.9.sdk/usr/include/c++/4.2.1/cstring:103:11: note: using declaration
  using ::strchr;
          ^
/Applications/Xcode.app/Contents/Developer/Platforms/MacOSX.platform/Developer/SDKs/MacOSX10.9.sdk/usr/include/c++/4.2.1/cstring:112:3: error: declaration conflicts with target of using declaration already in scope
  strpbrk(char* __s1, const char* __s2)
  ^
/Applications/Xcode.app/Contents/Developer/Platforms/MacOSX.platform/Developer/SDKs/MacOSX10.9.sdk/usr/include/string.h:86:7: note: target of using declaration
char    *strpbrk(const char *, const char *);
         ^
/Applications/Xcode.app/Contents/Developer/Platforms/MacOSX.platform/Developer/SDKs/MacOSX10.9.sdk/usr/include/c++/4.2.1/cstring:109:11: note: using declaration
  using ::strpbrk;
          ^
/Applications/Xcode.app/Contents/Developer/Platforms/MacOSX.platform/Developer/SDKs/MacOSX10.9.sdk/usr/include/c++/4.2.1/cstring:118:3: error: declaration conflicts with target of using declaration already in scope
  strrchr(char* __s1, int __n)
  ^
/Applications/Xcode.app/Contents/Developer/Platforms/MacOSX.platform/Developer/SDKs/MacOSX10.9.sdk/usr/include/string.h:87:7: note: target of using declaration
char    *strrchr(const char *, int);
         ^
/Applications/Xcode.app/Contents/Developer/Platforms/MacOSX.platform/Developer/SDKs/MacOSX10.9.sdk/usr/include/c++/4.2.1/cstring:115:11: note: using declaration
  using ::strrchr;
          ^
/Applications/Xcode.app/Contents/Developer/Platforms/MacOSX.platform/Developer/SDKs/MacOSX10.9.sdk/usr/include/c++/4.2.1/cstring:124:3: error: declaration conflicts with target of using declaration already in scope
  strstr(char* __s1, const char* __s2)
  ^
/Applications/Xcode.app/Contents/Developer/Platforms/MacOSX.platform/Developer/SDKs/MacOSX10.9.sdk/usr/include/string.h:89:7: note: target of using declaration
char    *strstr(const char *, const char *);
         ^
/Applications/Xcode.app/Contents/Developer/Platforms/MacOSX.platform/Developer/SDKs/MacOSX10.9.sdk/usr/include/c++/4.2.1/cstring:121:11: note: using declaration
  using ::strstr;
          ^
In file included from ../src/bufferutil.cc:15:
In file included from ../node_modules/nan/nan.h:32:
In file included from /Applications/Xcode.app/Contents/Developer/Platforms/MacOSX.platform/Developer/SDKs/MacOSX10.9.sdk/usr/include/c++/4.2.1/string:46:
In file included from /Applications/Xcode.app/Contents/Developer/Platforms/MacOSX.platform/Developer/SDKs/MacOSX10.9.sdk/usr/include/c++/4.2.1/bits/char_traits.h:45:
In file included from /Applications/Xcode.app/Contents/Developer/Platforms/MacOSX.platform/Developer/SDKs/MacOSX10.9.sdk/usr/include/c++/4.2.1/bits/stl_algobase.h:68:
/Applications/Xcode.app/Contents/Developer/Platforms/MacOSX.platform/Developer/SDKs/MacOSX10.9.sdk/usr/include/c++/4.2.1/cstdlib:142:3: error: declaration conflicts with target of using declaration already in scope
  abs(long __i) { return labs(__i); }
  ^
/Applications/Xcode.app/Contents/Developer/Platforms/MacOSX.platform/Developer/SDKs/MacOSX10.9.sdk/usr/include/stdlib.h:129:6: note: target of using declaration
int      abs(int) __pure2;
         ^
/Applications/Xcode.app/Contents/Developer/Platforms/MacOSX.platform/Developer/SDKs/MacOSX10.9.sdk/usr/include/c++/4.2.1/cstdlib:109:11: note: using declaration
  using ::abs;
          ^
/Applications/Xcode.app/Contents/Developer/Platforms/MacOSX.platform/Developer/SDKs/MacOSX10.9.sdk/usr/include/c++/4.2.1/cstdlib:145:3: error: declaration conflicts with target of using declaration already in scope
  div(long __i, long __j) { return ldiv(__i, __j); }
  ^
/Applications/Xcode.app/Contents/Developer/Platforms/MacOSX.platform/Developer/SDKs/MacOSX10.9.sdk/usr/include/stdlib.h:141:8: note: target of using declaration
div_t    div(int, int) __pure2;
         ^
/Applications/Xcode.app/Contents/Developer/Platforms/MacOSX.platform/Developer/SDKs/MacOSX10.9.sdk/usr/include/c++/4.2.1/cstdlib:116:11: note: using declaration
  using ::div;
          ^
In file included from ../src/bufferutil.cc:15:
In file included from ../node_modules/nan/nan.h:32:
In file included from /Applications/Xcode.app/Contents/Developer/Platforms/MacOSX.platform/Developer/SDKs/MacOSX10.9.sdk/usr/include/c++/4.2.1/string:46:
In file included from /Applications/Xcode.app/Contents/Developer/Platforms/MacOSX.platform/Developer/SDKs/MacOSX10.9.sdk/usr/include/c++/4.2.1/bits/char_traits.h:45:
In file included from /Applications/Xcode.app/Contents/Developer/Platforms/MacOSX.platform/Developer/SDKs/MacOSX10.9.sdk/usr/include/c++/4.2.1/bits/stl_algobase.h:70:
In file included from /Applications/Xcode.app/Contents/Developer/Platforms/MacOSX.platform/Developer/SDKs/MacOSX10.9.sdk/usr/include/c++/4.2.1/iosfwd:48:
In file included from /Applications/Xcode.app/Contents/Developer/Platforms/MacOSX.platform/Developer/SDKs/MacOSX10.9.sdk/usr/include/c++/4.2.1/bits/postypes.h:45:
/Applications/Xcode.app/Contents/Developer/Platforms/MacOSX.platform/Developer/SDKs/MacOSX10.9.sdk/usr/include/c++/4.2.1/cwchar:210:3: error: declaration conflicts with target of using declaration already in scope
  wcschr(wchar_t* __p, wchar_t __c)
  ^
/Applications/Xcode.app/Contents/Developer/Platforms/MacOSX.platform/Developer/SDKs/MacOSX10.9.sdk/usr/include/wchar.h:125:10: note: target of using declaration
wchar_t *wcschr(const wchar_t *, wchar_t);
         ^
/Applications/Xcode.app/Contents/Developer/Platforms/MacOSX.platform/Developer/SDKs/MacOSX10.9.sdk/usr/include/c++/4.2.1/cwchar:207:11: note: using declaration
  using ::wcschr;
          ^
/Applications/Xcode.app/Contents/Developer/Platforms/MacOSX.platform/Developer/SDKs/MacOSX10.9.sdk/usr/include/c++/4.2.1/cwchar:216:3: error: declaration conflicts with target of using declaration already in scope
  wcspbrk(wchar_t* __s1, const wchar_t* __s2)
  ^
/Applications/Xcode.app/Contents/Developer/Platforms/MacOSX.platform/Developer/SDKs/MacOSX10.9.sdk/usr/include/wchar.h:136:10: note: target of using declaration
wchar_t *wcspbrk(const wchar_t *, const wchar_t *);
         ^
/Applications/Xcode.app/Contents/Developer/Platforms/MacOSX.platform/Developer/SDKs/MacOSX10.9.sdk/usr/include/c++/4.2.1/cwchar:213:11: note: using declaration
  using ::wcspbrk;
          ^
/Applications/Xcode.app/Contents/Developer/Platforms/MacOSX.platform/Developer/SDKs/MacOSX10.9.sdk/usr/include/c++/4.2.1/cwchar:222:3: error: declaration conflicts with target of using declaration already in scope
  wcsrchr(wchar_t* __p, wchar_t __c)
  ^
/Applications/Xcode.app/Contents/Developer/Platforms/MacOSX.platform/Developer/SDKs/MacOSX10.9.sdk/usr/include/wchar.h:137:10: note: target of using declaration
wchar_t *wcsrchr(const wchar_t *, wchar_t);
         ^
/Applications/Xcode.app/Contents/Developer/Platforms/MacOSX.platform/Developer/SDKs/MacOSX10.9.sdk/usr/include/c++/4.2.1/cwchar:219:11: note: using declaration
  using ::wcsrchr;
          ^
/Applications/Xcode.app/Contents/Developer/Platforms/MacOSX.platform/Developer/SDKs/MacOSX10.9.sdk/usr/include/c++/4.2.1/cwchar:228:3: error: declaration conflicts with target of using declaration already in scope
  wcsstr(wchar_t* __s1, const wchar_t* __s2)
  ^
/Applications/Xcode.app/Contents/Developer/Platforms/MacOSX.platform/Developer/SDKs/MacOSX10.9.sdk/usr/include/wchar.h:141:10: note: target of using declaration
wchar_t *wcsstr(const wchar_t * __restrict, const wchar_t * __restrict);
         ^
/Applications/Xcode.app/Contents/Developer/Platforms/MacOSX.platform/Developer/SDKs/MacOSX10.9.sdk/usr/include/c++/4.2.1/cwchar:225:11: note: using declaration
  using ::wcsstr;
          ^
/Applications/Xcode.app/Contents/Developer/Platforms/MacOSX.platform/Developer/SDKs/MacOSX10.9.sdk/usr/include/c++/4.2.1/cwchar:234:3: error: declaration conflicts with target of using declaration already in scope
  wmemchr(wchar_t* __p, wchar_t __c, size_t __n)
  ^
/Applications/Xcode.app/Contents/Developer/Platforms/MacOSX.platform/Developer/SDKs/MacOSX10.9.sdk/usr/include/wchar.h:150:10: note: target of using declaration
wchar_t *wmemchr(const wchar_t *, wchar_t, size_t);
         ^
/Applications/Xcode.app/Contents/Developer/Platforms/MacOSX.platform/Developer/SDKs/MacOSX10.9.sdk/usr/include/c++/4.2.1/cwchar:231:11: note: using declaration
  using ::wmemchr;
          ^
fatal error: too many errors emitted, stopping now [-ferror-limit=]
6 warnings and 20 errors generated.
make: *** [Release/obj.target/bufferutil/src/bufferutil.o] Error 1
gyp ERR! build error 
gyp ERR! stack Error: `make` failed with exit code: 2
gyp ERR! stack     at ChildProcess.onExit (/usr/local/lib/node_modules/npm/node_modules/node-gyp/lib/build.js:267:23)
gyp ERR! stack     at ChildProcess.EventEmitter.emit (events.js:98:17)
gyp ERR! stack     at Process.ChildProcess._handle.onexit (child_process.js:789:12)
gyp ERR! System Darwin 13.4.0
gyp ERR! command "node" "/usr/local/lib/node_modules/npm/node_modules/node-gyp/bin/node-gyp.js" "rebuild"
gyp ERR! cwd /Users/iLab/Projects/DroneVideoConf/Server/node_modules/socket.io/node_modules/engine.io/node_modules/ws
gyp ERR! node -v v0.10.13
gyp ERR! node-gyp -v v0.10.2
gyp ERR! not ok 
